# JRE version: OpenJDK Runtime Environment (17.0.6) (build 17.0.6+0-b2043.56-10027231)
# Java VM: OpenJDK 64-Bit Server VM (17.0.6+0-b2043.56-10027231, mixed mode, tiered, compressed oops, compressed class ptrs, g1 gc, windows-amd64)
GC Precious Log:
 CPUs: 8 total, 8 available
 Memory: 8022M
 Large Page Support: Disabled
 NUMA Support: Disabled
 Compressed Oops: Enabled (32-bit)
 Heap Region Size: 1M
 Heap Min Capacity: 8M
 Heap Initial Capacity: 126M
 Heap Max Capacity: 2G
 Pre-touch: Disabled
 Parallel Workers: 8
 Concurrent Workers: 2
 Concurrent Refinement Workers: 8
 Periodic GC: Disabled
Heap:
 garbage-first heap   total 367616K, used 153842K [0x0000000080000000, 0x0000000100000000)
  region size 1024K, 2 young (2048K), 2 survivors (2048K)
 Metaspace       used 125599K, committed 126528K, reserved 1163264K
  class space    used 17908K, committed 18368K, reserved 1048576K
GC Heap History (20 events):
Event: 15.771 GC heap after
{Heap after GC invocations=34 (full 0):
 garbage-first heap   total 235520K, used 118868K [0x0000000080000000, 0x0000000100000000)
  region size 1024K, 5 young (5120K), 5 survivors (5120K)
 Metaspace       used 104285K, committed 105216K, reserved 1146880K
  class space    used 14440K, committed 14912K, reserved 1048576K
}
Event: 16.240 GC heap before
{Heap before GC invocations=34 (full 0):
 garbage-first heap   total 235520K, used 192596K [0x0000000080000000, 0x0000000100000000)
  region size 1024K, 78 young (79872K), 5 survivors (5120K)
 Metaspace       used 104661K, committed 105600K, reserved 1146880K
  class space    used 14478K, committed 14912K, reserved 1048576K
}
Event: 16.249 GC heap after
{Heap after GC invocations=35 (full 0):
 garbage-first heap   total 235520K, used 120655K [0x0000000080000000, 0x0000000100000000)
  region size 1024K, 7 young (7168K), 7 survivors (7168K)
 Metaspace       used 104661K, committed 105600K, reserved 1146880K
  class space    used 14478K, committed 14912K, reserved 1048576K
}
Event: 16.595 GC heap before
{Heap before GC invocations=35 (full 0):
 garbage-first heap   total 235520K, used 193359K [0x0000000080000000, 0x0000000100000000)
  region size 1024K, 79 young (80896K), 7 survivors (7168K)
 Metaspace       used 104719K, committed 105664K, reserved 1146880K
  class space    used 14479K, committed 14912K, reserved 1048576K
}
Event: 16.603 GC heap after
{Heap after GC invocations=36 (full 0):
 garbage-first heap   total 367616K, used 122908K [0x0000000080000000, 0x0000000100000000)
  region size 1024K, 7 young (7168K), 7 survivors (7168K)
 Metaspace       used 104719K, committed 105664K, reserved 1146880K
  class space    used 14479K, committed 14912K, reserved 1048576K
}
Event: 18.250 GC heap before
{Heap before GC invocations=36 (full 0):
 garbage-first heap   total 367616K, used 299036K [0x0000000080000000, 0x0000000100000000)
  region size 1024K, 173 young (177152K), 7 survivors (7168K)
 Metaspace       used 107421K, committed 108352K, reserved 1146880K
  class space    used 14815K, committed 15232K, reserved 1048576K
}
Event: 18.265 GC heap after
{Heap after GC invocations=37 (full 0):
 garbage-first heap   total 367616K, used 129025K [0x0000000080000000, 0x0000000100000000)
  region size 1024K, 13 young (13312K), 13 survivors (13312K)
 Metaspace       used 107421K, committed 108352K, reserved 1146880K
  class space    used 14815K, committed 15232K, reserved 1048576K
}
Event: 18.604 GC heap before
{Heap before GC invocations=37 (full 0):
 garbage-first heap   total 367616K, used 172033K [0x0000000080000000, 0x0000000100000000)
  region size 1024K, 57 young (58368K), 13 survivors (13312K)
 Metaspace       used 110168K, committed 110976K, reserved 1146880K
  class space    used 15234K, committed 15616K, reserved 1048576K
}
Event: 18.621 GC heap after
{Heap after GC invocations=38 (full 0):
 garbage-first heap   total 367616K, used 133618K [0x0000000080000000, 0x0000000100000000)
  region size 1024K, 15 young (15360K), 15 survivors (15360K)
 Metaspace       used 110168K, committed 110976K, reserved 1146880K
  class space    used 15234K, committed 15616K, reserved 1048576K
}
Event: 19.477 GC heap before
{Heap before GC invocations=39 (full 0):
 garbage-first heap   total 367616K, used 283122K [0x0000000080000000, 0x0000000100000000)
  region size 1024K, 162 young (165888K), 15 survivors (15360K)
 Metaspace       used 119859K, committed 120832K, reserved 1155072K
  class space    used 17041K, committed 17472K, reserved 1048576K
}
Event: 19.521 GC heap after
{Heap after GC invocations=40 (full 0):
 garbage-first heap   total 367616K, used 151258K [0x0000000080000000, 0x0000000100000000)
  region size 1024K, 21 young (21504K), 21 survivors (21504K)
 Metaspace       used 119859K, committed 120832K, reserved 1155072K
  class space    used 17041K, committed 17472K, reserved 1048576K
}
Event: 19.528 GC heap before
{Heap before GC invocations=40 (full 0):
 garbage-first heap   total 367616K, used 152282K [0x0000000080000000, 0x0000000100000000)
  region size 1024K, 22 young (22528K), 21 survivors (21504K)
 Metaspace       used 119960K, committed 120896K, reserved 1155072K
  class space    used 17056K, committed 17472K, reserved 1048576K
}
Event: 19.552 GC heap after
{Heap after GC invocations=41 (full 0):
 garbage-first heap   total 367616K, used 152169K [0x0000000080000000, 0x0000000100000000)
  region size 1024K, 3 young (3072K), 3 survivors (3072K)
 Metaspace       used 119960K, committed 120896K, reserved 1155072K
  class space    used 17056K, committed 17472K, reserved 1048576K
}
Event: 20.259 GC heap before
{Heap before GC invocations=41 (full 0):
 garbage-first heap   total 367616K, used 287337K [0x0000000080000000, 0x0000000100000000)
  region size 1024K, 135 young (138240K), 3 survivors (3072K)
 Metaspace       used 124194K, committed 125184K, reserved 1163264K
  class space    used 17734K, committed 18240K, reserved 1048576K
}
Event: 20.274 GC heap after
{Heap after GC invocations=42 (full 0):
 garbage-first heap   total 367616K, used 153652K [0x0000000080000000, 0x0000000100000000)
  region size 1024K, 5 young (5120K), 5 survivors (5120K)
 Metaspace       used 124194K, committed 125184K, reserved 1163264K
  class space    used 17734K, committed 18240K, reserved 1048576K
}
Event: 20.993 GC heap before
{Heap before GC invocations=43 (full 0):
 garbage-first heap   total 367616K, used 292916K [0x0000000080000000, 0x0000000100000000)
  region size 1024K, 141 young (144384K), 5 survivors (5120K)
 Metaspace       used 125507K, committed 126464K, reserved 1163264K
  class space    used 17907K, committed 18368K, reserved 1048576K
}
Event: 21.012 GC heap after
{Heap after GC invocations=44 (full 0):
 garbage-first heap   total 367616K, used 154389K [0x0000000080000000, 0x0000000100000000)
  region size 1024K, 6 young (6144K), 6 survivors (6144K)
 Metaspace       used 125507K, committed 126464K, reserved 1163264K
  class space    used 17907K, committed 18368K, reserved 1048576K
}
Event: 21.063 GC heap before
{Heap before GC invocations=44 (full 0):
 garbage-first heap   total 367616K, used 165653K [0x0000000080000000, 0x0000000100000000)
  region size 1024K, 17 young (17408K), 6 survivors (6144K)
 Metaspace       used 125507K, committed 126464K, reserved 1163264K
  class space    used 17907K, committed 18368K, reserved 1048576K
}
Event: 21.086 GC heap after
{Heap after GC invocations=45 (full 0):
 garbage-first heap   total 367616K, used 153084K [0x0000000080000000, 0x0000000100000000)
  region size 1024K, 1 young (1024K), 1 survivors (1024K)
 Metaspace       used 125507K, committed 126464K, reserved 1163264K
  class space    used 17907K, committed 18368K, reserved 1048576K
}
Event: 21.502 GC heap before
{Heap before GC invocations=45 (full 0):
 garbage-first heap   total 367616K, used 297468K [0x0000000080000000, 0x0000000100000000)
  region size 1024K, 142 young (145408K), 1 survivors (1024K)
 Metaspace       used 125599K, committed 126528K, reserved 1163264K
  class space    used 17908K, committed 18368K, reserved 1048576K
}

