# JRE version: OpenJDK Runtime Environment (17.0.6) (build 17.0.6+0-b2043.56-10027231)
# Java VM: OpenJDK 64-Bit Server VM (17.0.6+0-b2043.56-10027231, mixed mode, tiered, compressed oops, compressed class ptrs, g1 gc, windows-amd64)
GC Precious Log:
 CPUs: 8 total, 8 available
 Memory: 8022M
 Large Page Support: Disabled
 NUMA Support: Disabled
 Compressed Oops: Enabled (32-bit)
 Heap Region Size: 1M
 Heap Min Capacity: 8M
 Heap Initial Capacity: 126M
 Heap Max Capacity: 2G
 Pre-touch: Disabled
 Parallel Workers: 8
 Concurrent Workers: 2
 Concurrent Refinement Workers: 8
 Periodic GC: Disabled
Heap:
 garbage-first heap   total 309248K, used 155772K [0x0000000080000000, 0x0000000100000000)
  region size 1024K, 5 young (5120K), 5 survivors (5120K)
 Metaspace       used 122269K, committed 123264K, reserved 1155072K
  class space    used 17331K, committed 17856K, reserved 1048576K
GC Heap History (20 events):
Event: 13.843 GC heap after
{Heap after GC invocations=31 (full 0):
 garbage-first heap   total 270336K, used 98912K [0x0000000080000000, 0x0000000100000000)
  region size 1024K, 13 young (13312K), 13 survivors (13312K)
 Metaspace       used 99475K, committed 100352K, reserved 1138688K
  class space    used 13765K, committed 14208K, reserved 1048576K
}
Event: 15.015 GC heap before
{Heap before GC invocations=31 (full 0):
 garbage-first heap   total 270336K, used 217696K [0x0000000080000000, 0x0000000100000000)
  region size 1024K, 129 young (132096K), 13 survivors (13312K)
 Metaspace       used 103631K, committed 104576K, reserved 1138688K
  class space    used 14381K, committed 14848K, reserved 1048576K
}
Event: 15.039 GC heap after
{Heap after GC invocations=32 (full 0):
 garbage-first heap   total 270336K, used 112178K [0x0000000080000000, 0x0000000100000000)
  region size 1024K, 17 young (17408K), 17 survivors (17408K)
 Metaspace       used 103631K, committed 104576K, reserved 1138688K
  class space    used 14381K, committed 14848K, reserved 1048576K
}
Event: 15.760 GC heap before
{Heap before GC invocations=32 (full 0):
 garbage-first heap   total 270336K, used 216626K [0x0000000080000000, 0x0000000100000000)
  region size 1024K, 120 young (122880K), 17 survivors (17408K)
 Metaspace       used 104308K, committed 105280K, reserved 1146880K
  class space    used 14436K, committed 14912K, reserved 1048576K
}
Event: 15.789 GC heap after
{Heap after GC invocations=33 (full 0):
 garbage-first heap   total 270336K, used 120491K [0x0000000080000000, 0x0000000100000000)
  region size 1024K, 8 young (8192K), 8 survivors (8192K)
 Metaspace       used 104308K, committed 105280K, reserved 1146880K
  class space    used 14436K, committed 14912K, reserved 1048576K
}
Event: 16.469 GC heap before
{Heap before GC invocations=33 (full 0):
 garbage-first heap   total 270336K, used 218795K [0x0000000080000000, 0x0000000100000000)
  region size 1024K, 105 young (107520K), 8 survivors (8192K)
 Metaspace       used 104675K, committed 105536K, reserved 1146880K
  class space    used 14475K, committed 14912K, reserved 1048576K
}
Event: 16.479 GC heap after
{Heap after GC invocations=34 (full 0):
 garbage-first heap   total 270336K, used 123686K [0x0000000080000000, 0x0000000100000000)
  region size 1024K, 11 young (11264K), 11 survivors (11264K)
 Metaspace       used 104675K, committed 105536K, reserved 1146880K
  class space    used 14475K, committed 14912K, reserved 1048576K
}
Event: 17.203 GC heap before
{Heap before GC invocations=34 (full 0):
 garbage-first heap   total 270336K, used 219942K [0x0000000080000000, 0x0000000100000000)
  region size 1024K, 106 young (108544K), 11 survivors (11264K)
 Metaspace       used 105042K, committed 105984K, reserved 1146880K
  class space    used 14525K, committed 14976K, reserved 1048576K
}
Event: 17.215 GC heap after
{Heap after GC invocations=35 (full 0):
 garbage-first heap   total 270336K, used 127272K [0x0000000080000000, 0x0000000100000000)
  region size 1024K, 10 young (10240K), 10 survivors (10240K)
 Metaspace       used 105042K, committed 105984K, reserved 1146880K
  class space    used 14525K, committed 14976K, reserved 1048576K
}
Event: 19.210 GC heap before
{Heap before GC invocations=35 (full 0):
 garbage-first heap   total 270336K, used 220456K [0x0000000080000000, 0x0000000100000000)
  region size 1024K, 102 young (104448K), 10 survivors (10240K)
 Metaspace       used 105224K, committed 106112K, reserved 1146880K
  class space    used 14535K, committed 14976K, reserved 1048576K
}
Event: 19.220 GC heap after
{Heap after GC invocations=36 (full 0):
 garbage-first heap   total 270336K, used 130537K [0x0000000080000000, 0x0000000100000000)
  region size 1024K, 9 young (9216K), 9 survivors (9216K)
 Metaspace       used 105224K, committed 106112K, reserved 1146880K
  class space    used 14535K, committed 14976K, reserved 1048576K
}
Event: 20.176 GC heap before
{Heap before GC invocations=36 (full 0):
 garbage-first heap   total 270336K, used 229865K [0x0000000080000000, 0x0000000100000000)
  region size 1024K, 100 young (102400K), 9 survivors (9216K)
 Metaspace       used 111500K, committed 112448K, reserved 1146880K
  class space    used 15420K, committed 15872K, reserved 1048576K
}
Event: 20.192 GC heap after
{Heap after GC invocations=37 (full 0):
 garbage-first heap   total 270336K, used 139705K [0x0000000080000000, 0x0000000100000000)
  region size 1024K, 13 young (13312K), 13 survivors (13312K)
 Metaspace       used 111500K, committed 112448K, reserved 1146880K
  class space    used 15420K, committed 15872K, reserved 1048576K
}
Event: 20.469 GC heap before
{Heap before GC invocations=37 (full 0):
 garbage-first heap   total 270336K, used 178617K [0x0000000080000000, 0x0000000100000000)
  region size 1024K, 53 young (54272K), 13 survivors (13312K)
 Metaspace       used 113965K, committed 114816K, reserved 1155072K
  class space    used 15851K, committed 16256K, reserved 1048576K
}
Event: 20.543 GC heap after
{Heap after GC invocations=38 (full 0):
 garbage-first heap   total 270336K, used 147743K [0x0000000080000000, 0x0000000100000000)
  region size 1024K, 8 young (8192K), 8 survivors (8192K)
 Metaspace       used 113965K, committed 114816K, reserved 1155072K
  class space    used 15851K, committed 16256K, reserved 1048576K
}
Event: 20.922 GC heap before
{Heap before GC invocations=39 (full 0):
 garbage-first heap   total 309248K, used 209183K [0x0000000080000000, 0x0000000100000000)
  region size 1024K, 70 young (71680K), 8 survivors (8192K)
 Metaspace       used 117382K, committed 118272K, reserved 1155072K
  class space    used 16462K, committed 16896K, reserved 1048576K
}
Event: 21.010 GC heap after
{Heap after GC invocations=40 (full 0):
 garbage-first heap   total 309248K, used 152936K [0x0000000080000000, 0x0000000100000000)
  region size 1024K, 7 young (7168K), 7 survivors (7168K)
 Metaspace       used 117382K, committed 118272K, reserved 1155072K
  class space    used 16462K, committed 16896K, reserved 1048576K
}
Event: 21.030 GC heap before
{Heap before GC invocations=40 (full 0):
 garbage-first heap   total 309248K, used 161128K [0x0000000080000000, 0x0000000100000000)
  region size 1024K, 15 young (15360K), 7 survivors (7168K)
 Metaspace       used 117606K, committed 118528K, reserved 1155072K
  class space    used 16509K, committed 16960K, reserved 1048576K
}
Event: 21.044 GC heap after
{Heap after GC invocations=41 (full 0):
 garbage-first heap   total 309248K, used 152559K [0x0000000080000000, 0x0000000100000000)
  region size 1024K, 2 young (2048K), 2 survivors (2048K)
 Metaspace       used 117606K, committed 118528K, reserved 1155072K
  class space    used 16509K, committed 16960K, reserved 1048576K
}
Event: 21.483 GC heap before
{Heap before GC invocations=41 (full 0):
 garbage-first heap   total 309248K, used 242671K [0x0000000080000000, 0x0000000100000000)
  region size 1024K, 91 young (93184K), 2 survivors (2048K)
 Metaspace       used 122269K, committed 123264K, reserved 1155072K
  class space    used 17331K, committed 17856K, reserved 1048576K
}

